\BOOKMARK [1][-]{section.1}{Introduction}{}% 1
\BOOKMARK [1][-]{section.2}{Footnotes, Verbatim, and Citations}{}% 2
\BOOKMARK [1][-]{section.3}{Related Work}{}% 3
\BOOKMARK [2][-]{subsection.3.1}{Maintaining the Integrity of the Specifications}{section.3}% 4
\BOOKMARK [1][-]{section.4}{Preliminaries}{}% 5
\BOOKMARK [2][-]{subsection.4.1}{SNN Service Model}{section.4}% 6
\BOOKMARK [2][-]{subsection.4.2}{Neuromorphic Cluster Resource}{section.4}% 7
\BOOKMARK [2][-]{subsection.4.3}{The Scheduling Problem}{section.4}% 8
\BOOKMARK [1][-]{section.5}{SYSTEM DESIGN}{}% 9
\BOOKMARK [2][-]{subsection.5.1}{System Architecture Overview}{section.5}% 10
\BOOKMARK [2][-]{subsection.5.2}{Offline DTDG Workload Fingerprinting}{section.5}% 11
\BOOKMARK [2][-]{subsection.5.3}{Online Spatio-Temporal Proactive Scheduler}{section.5}% 12
\BOOKMARK [3][-]{subsubsection.5.3.1}{Stage 1: Macro-Card Dispatching}{subsection.5.3}% 13
\BOOKMARK [3][-]{subsubsection.5.3.2}{Stage 2: Micro-Temporal Phase-Shifting}{subsection.5.3}% 14
\BOOKMARK [3][-]{subsubsection.5.3.3}{Stage 3: Micro-Spatial Mapping}{subsection.5.3}% 15
\BOOKMARK [1][-]{section.6}{Evaluation}{}% 16
\BOOKMARK [2][-]{subsection.6.1}{Experimental Setup}{section.6}% 17
\BOOKMARK [2][-]{subsection.6.2}{Q0: Comparison of End-to-End Algorithm Load Balancing Metrics}{section.6}% 18
\BOOKMARK [2][-]{subsection.6.3}{Q1: Spatial Load Balancing via Step A}{section.6}% 19
\BOOKMARK [2][-]{subsection.6.4}{Q2: Temporal Flattening via Step B}{section.6}% 20
\BOOKMARK [2][-]{subsection.6.5}{Q3: Scalability and Ablation Study}{section.6}% 21
\BOOKMARK [1][-]{section.7}{Conclusion}{}% 22
